app/build/intermediates/manifest_merge_blame_file/debug/manifest-merger-blame-debug-report.txt
1<?xml version="1.0" encoding="utf-8"?>
2<manifest xmlns:android="http://schemas.android.com/apk/res/android"
3    package="com.example.Login"
4    android:versionCode="1"
5    android:versionName="1.0" >
6
7    <uses-sdk
8        android:minSdkVersion="15"
8-->src\main\AndroidManifest.xml
9        android:targetSdkVersion="29" />
9-->src\main\AndroidManifest.xml
10
11    <application
11-->src\main\AndroidManifest.xml:5:5-28:19
12        android:allowBackup="true"
12-->src\main\AndroidManifest.xml:6:9-35
13        android:appComponentFactory="androidx.core.app.CoreComponentFactory"
13-->[androidx.core:core:1.1.0] AndroidManifest.xml:24:18-86
14        android:debuggable="true"
15        android:icon="@mipmap/ic_launcher"
15-->src\main\AndroidManifest.xml:7:9-43
16        android:label="@string/app_name"
16-->src\main\AndroidManifest.xml:8:9-41
17        android:roundIcon="@mipmap/ic_launcher_round"
17-->src\main\AndroidManifest.xml:9:9-54
18        android:supportsRtl="true"
18-->src\main\AndroidManifest.xml:10:9-35
19        android:theme="@style/AppTheme" >
19-->src\main\AndroidManifest.xml:11:9-40
20        <activity
20-->src\main\AndroidManifest.xml:12:9-14:61
21            android:name="com.example.login.FormInputKerjaan"
21-->src\main\AndroidManifest.xml:13:13-45
22            android:parentActivityName="com.example.login.KerjaanActivity" />
22-->src\main\AndroidManifest.xml:14:13-58
23        <activity
23-->src\main\AndroidManifest.xml:15:9-17:58
24            android:name="com.example.login.KerjaanActivity"
24-->src\main\AndroidManifest.xml:16:13-44
25            android:parentActivityName="com.example.login.HomeActivity" />
25-->src\main\AndroidManifest.xml:17:13-55
26        <activity android:name="com.example.login.sparepartActivity" />
26-->src\main\AndroidManifest.xml:18:9-55
26-->src\main\AndroidManifest.xml:18:19-52
27        <activity android:name="com.example.login.HomeActivity" />
27-->src\main\AndroidManifest.xml:19:9-50
27-->src\main\AndroidManifest.xml:19:19-47
28        <activity android:name="com.example.login.RegisterActivity" />
28-->src\main\AndroidManifest.xml:20:9-54
28-->src\main\AndroidManifest.xml:20:19-51
29        <activity android:name="com.example.login.LoginActivity" >
29-->src\main\AndroidManifest.xml:21:9-27:20
29-->src\main\AndroidManifest.xml:21:19-48
30            <intent-filter>
30-->src\main\AndroidManifest.xml:22:13-26:29
31                <action android:name="android.intent.action.MAIN" />
31-->src\main\AndroidManifest.xml:23:17-69
31-->src\main\AndroidManifest.xml:23:25-66
32
33                <category android:name="android.intent.category.LAUNCHER" />
33-->src\main\AndroidManifest.xml:25:17-77
33-->src\main\AndroidManifest.xml:25:27-74
34            </intent-filter>
35        </activity>
36    </application>
37
38</manifest>